#
# There is insufficient memory for the Java Runtime Environment to continue.
# Native memory allocation (malloc) failed to allocate 32744 bytes. Error detail: Chunk::new
# Possible reasons:
#   The system is out of physical RAM or swap space
#   This process is running with CompressedOops enabled, and the Java Heap may be blocking the growth of the native heap
# Possible solutions:
#   Reduce memory load on the system
#   Increase physical memory or swap space
#   Check if swap backing store is full
#   Decrease Java heap size (-Xmx/-Xms)
#   Decrease number of Java threads
#   Decrease Java thread stack sizes (-Xss)
#   Set larger code cache with -XX:ReservedCodeCacheSize=
#   JVM is running with Zero Based Compressed Oops mode in which the Java heap is
#     placed in the first 32GB address space. The Java Heap base address is the
#     maximum limit for the native heap growth. Please use -XX:HeapBaseMinAddress
#     to set the Java Heap base and to place the Java Heap above 32GB virtual address.
# This output file may be truncated or incomplete.
#
#  Out of Memory Error (arena.cpp:149), pid=37892, tid=21744
#
# JRE version: OpenJDK Runtime Environment Temurin-23.0.1+11 (23.0.1+11) (build 23.0.1+11)
# Java VM: OpenJDK 64-Bit Server VM Temurin-23.0.1+11 (23.0.1+11, mixed mode, sharing, tiered, compressed oops, compressed class ptrs, g1 gc, windows-amd64)
# No core dump will be written. Minidumps are not enabled by default on client versions of Windows
#

---------------  S U M M A R Y ------------

Command Line: -Dfile.encoding=UTF-8 -Dstdout.encoding=UTF-8 -Dstderr.encoding=UTF-8 -XX:+ShowCodeDetailsInExceptionMessages gui.DangNhap

Host: 13th Gen Intel(R) Core(TM) i7-13700HX, 24 cores, 31G,  Windows 11 , 64 bit Build 22621 (10.0.22621.4391)
Time: Wed Dec 11 19:15:08 2024 SE Asia Standard Time elapsed time: 0.501411 seconds (0d 0h 0m 0s)

---------------  T H R E A D  ---------------

Current thread (0x000001f549083f40):  JavaThread "C1 CompilerThread0" daemon [_thread_in_vm, id=21744, stack(0x000000622a500000,0x000000622a600000) (1024K)]


Current CompileTask:
C1:501  712       1       java.awt.Color::getRGB (5 bytes)

Stack: [0x000000622a500000,0x000000622a600000]
Native frames: (J=compiled Java code, j=interpreted, Vv=VM code, C=native code)
V  [jvm.dll+0x6e8c79]  (no source info available)
V  [jvm.dll+0x8d9253]  (no source info available)
V  [jvm.dll+0x8db6de]  (no source info available)
V  [jvm.dll+0x8dbdb3]  (no source info available)
V  [jvm.dll+0x281aa6]  (no source info available)
V  [jvm.dll+0xbbb0f]  (no source info available)
V  [jvm.dll+0xbbd6b]  (no source info available)
V  [jvm.dll+0x1fc5db]  (no source info available)
V  [jvm.dll+0x1e7b76]  (no source info available)
V  [jvm.dll+0x25a020]  (no source info available)
V  [jvm.dll+0x25840a]  (no source info available)
V  [jvm.dll+0x3f4706]  (no source info available)
V  [jvm.dll+0x8802ab]  (no source info available)
V  [jvm.dll+0x6e7485]  (no source info available)
C  [ucrtbase.dll+0x29333]  (no source info available)
C  [KERNEL32.DLL+0x1259d]  (no source info available)
C  [ntdll.dll+0x5af38]  (no source info available)

Lock stack of current Java thread (top to bottom):


---------------  P R O C E S S  ---------------

Threads class SMR info:
_java_thread_list=0x000001f551264ef0, length=18, elements={
0x000001f563f7f860, 0x000001f57beaeca0, 0x000001f57beafac0, 0x000001f57beb1b10,
0x000001f57beb4680, 0x000001f57beb50e0, 0x000001f57bebec90, 0x000001f57bebfa20,
0x000001f549083f40, 0x000001f54916ad30, 0x000001f5491cf520, 0x000001f5491d23c0,
0x000001f5495e5ef0, 0x000001f5495e79a0, 0x000001f5495ec020, 0x000001f55175da70,
0x000001f5492a50a0, 0x000001f551659e30
}

Java Threads: ( => current thread )
  0x000001f563f7f860 JavaThread "main"                              [_thread_in_vm, id=25484, stack(0x0000006229600000,0x0000006229700000) (1024K)]
  0x000001f57beaeca0 JavaThread "Reference Handler"          daemon [_thread_blocked, id=37212, stack(0x0000006229e00000,0x0000006229f00000) (1024K)]
  0x000001f57beafac0 JavaThread "Finalizer"                  daemon [_thread_blocked, id=6508, stack(0x0000006229f00000,0x000000622a000000) (1024K)]
  0x000001f57beb1b10 JavaThread "Signal Dispatcher"          daemon [_thread_blocked, id=38392, stack(0x000000622a000000,0x000000622a100000) (1024K)]
  0x000001f57beb4680 JavaThread "Attach Listener"            daemon [_thread_blocked, id=25864, stack(0x000000622a100000,0x000000622a200000) (1024K)]
  0x000001f57beb50e0 JavaThread "Service Thread"             daemon [_thread_blocked, id=36420, stack(0x000000622a200000,0x000000622a300000) (1024K)]
  0x000001f57bebec90 JavaThread "Monitor Deflation Thread"   daemon [_thread_blocked, id=35188, stack(0x000000622a300000,0x000000622a400000) (1024K)]
  0x000001f57bebfa20 JavaThread "C2 CompilerThread0"         daemon [_thread_blocked, id=32588, stack(0x000000622a400000,0x000000622a500000) (1024K)]
=>0x000001f549083f40 JavaThread "C1 CompilerThread0"         daemon [_thread_in_vm, id=21744, stack(0x000000622a500000,0x000000622a600000) (1024K)]
  0x000001f54916ad30 JavaThread "C1 CompilerThread1"         daemon [_thread_in_vm, id=32140, stack(0x000000622a600000,0x000000622a700000) (1024K)]
  0x000001f5491cf520 JavaThread "Notification Thread"        daemon [_thread_blocked, id=36912, stack(0x000000622a700000,0x000000622a800000) (1024K)]
  0x000001f5491d23c0 JavaThread "Common-Cleaner"             daemon [_thread_blocked, id=25584, stack(0x000000622a800000,0x000000622a900000) (1024K)]
  0x000001f5495e5ef0 JavaThread "Java2D Disposer"            daemon [_thread_blocked, id=34136, stack(0x000000622a900000,0x000000622aa00000) (1024K)]
  0x000001f5495e79a0 JavaThread "AWT-Shutdown"                      [_thread_blocked, id=35644, stack(0x000000622aa00000,0x000000622ab00000) (1024K)]
  0x000001f5495ec020 JavaThread "AWT-Windows"                daemon [_thread_in_native, id=35740, stack(0x000000622ab00000,0x000000622ac00000) (1024K)]
  0x000001f55175da70 JavaThread "Image Fetcher 0"            daemon [_thread_blocked, id=34028, stack(0x000000622b300000,0x000000622b400000) (1024K)]
  0x000001f5492a50a0 JavaThread "C2 CompilerThread1"         daemon [_thread_in_native, id=21520, stack(0x000000622b400000,0x000000622b500000) (1024K)]
  0x000001f551659e30 JavaThread "Image Fetcher 1"            daemon [_thread_blocked, id=39208, stack(0x000000622b500000,0x000000622b600000) (1024K)]
Total: 18

Other Threads:
  0x000001f57be94e30 VMThread "VM Thread"                           [id=37472, stack(0x0000006229d00000,0x0000006229e00000) (1024K)]
  0x000001f549080fa0 WatcherThread "VM Periodic Task Thread"        [id=34968, stack(0x0000006229c00000,0x0000006229d00000) (1024K)]
  0x000001f564027860 WorkerThread "GC Thread#0"                     [id=30740, stack(0x0000006229700000,0x0000006229800000) (1024K)]
  0x000001f56403cf90 ConcurrentGCThread "G1 Main Marker"            [id=31584, stack(0x0000006229800000,0x0000006229900000) (1024K)]
  0x000001f56403daa0 WorkerThread "G1 Conc#0"                       [id=37612, stack(0x0000006229900000,0x0000006229a00000) (1024K)]
  0x000001f57bdd05e0 ConcurrentGCThread "G1 Refine#0"               [id=33736, stack(0x0000006229a00000,0x0000006229b00000) (1024K)]
  0x000001f57bdd1160 ConcurrentGCThread "G1 Service"                [id=456, stack(0x0000006229b00000,0x0000006229c00000) (1024K)]
Total: 7

Threads with active compile tasks:
C1 CompilerThread0  520  712       1       java.awt.Color::getRGB (5 bytes)
C1 CompilerThread1  520  718       3       java.util.ArrayList$Itr::hasNext (20 bytes)
C2 CompilerThread1  520  708       4       sun.awt.image.PNGImageDecoder::filterRow (460 bytes)
Total: 3

VM state: not at safepoint (normal execution)

VM Mutex/Monitor currently owned by a thread:  ([mutex/lock_event])
[0x00007ffbf0ea9cf0] Metaspace_lock - owner thread: 0x000001f563f7f860

Heap address: 0x0000000604c00000, size: 8116 MB, Compressed Oops mode: Zero based, Oop shift amount: 3

CDS archive(s) mapped at: [0x000001f508000000-0x000001f508d70000-0x000001f508d70000), size 14090240, SharedBaseAddress: 0x000001f508000000, ArchiveRelocationMode: 1.
Compressed class space mapped at: 0x000001f509000000-0x000001f549000000, reserved size: 1073741824
Narrow klass base: 0x000001f508000000, Narrow klass shift: 0, Narrow klass range: 0x41000000

GC Precious Log:
 CardTable entry size: 512
 Card Set container configuration: InlinePtr #cards 4 size 8 Array Of Cards #cards 32 size 80 Howl #buckets 8 coarsen threshold 7372 Howl Bitmap #cards 1024 size 144 coarsen threshold 921 Card regions per heap region 1 cards per card region 8192
 CPUs: 24 total, 24 available
 Memory: 32456M
 Large Page Support: Disabled
 NUMA Support: Disabled
 Compressed Oops: Enabled (Zero based)
 Heap Region Size: 4M
 Heap Min Capacity: 8M
 Heap Initial Capacity: 508M
 Heap Max Capacity: 8116M
 Pre-touch: Disabled
 Parallel Workers: 18
 Concurrent Workers: 5
 Concurrent Refinement Workers: 18
 Periodic GC: Disabled

Heap:
 garbage-first heap   total reserved 8310784K, committed 520192K, used 4096K [0x0000000604c00000, 0x0000000800000000)
  region size 4096K, 2 young (8192K), 0 survivors (0K)
 Metaspace       used 5412K, committed 5568K, reserved 1114112K
  class space    used 631K, committed 704K, reserved 1048576K

Heap Regions: E=young(eden), S=young(survivor), O=old, HS=humongous(starts), HC=humongous(continues), CS=collection set, F=free, TAMS=top-at-mark-start, PB=parsable bottom
|   0|0x0000000604c00000, 0x0000000604c00000, 0x0000000605000000|  0%| F|  |TAMS 0x0000000604c00000| PB 0x0000000604c00000| Untracked |  0
|   1|0x0000000605000000, 0x0000000605000000, 0x0000000605400000|  0%| F|  |TAMS 0x0000000605000000| PB 0x0000000605000000| Untracked |  0
|   2|0x0000000605400000, 0x0000000605400000, 0x0000000605800000|  0%| F|  |TAMS 0x0000000605400000| PB 0x0000000605400000| Untracked |  0
|   3|0x0000000605800000, 0x0000000605800000, 0x0000000605c00000|  0%| F|  |TAMS 0x0000000605800000| PB 0x0000000605800000| Untracked |  0
|   4|0x0000000605c00000, 0x0000000605c00000, 0x0000000606000000|  0%| F|  |TAMS 0x0000000605c00000| PB 0x0000000605c00000| Untracked |  0
|   5|0x0000000606000000, 0x0000000606000000, 0x0000000606400000|  0%| F|  |TAMS 0x0000000606000000| PB 0x0000000606000000| Untracked |  0
|   6|0x0000000606400000, 0x0000000606400000, 0x0000000606800000|  0%| F|  |TAMS 0x0000000606400000| PB 0x0000000606400000| Untracked |  0
|   7|0x0000000606800000, 0x0000000606800000, 0x0000000606c00000|  0%| F|  |TAMS 0x0000000606800000| PB 0x0000000606800000| Untracked |  0
|   8|0x0000000606c00000, 0x0000000606c00000, 0x0000000607000000|  0%| F|  |TAMS 0x0000000606c00000| PB 0x0000000606c00000| Untracked |  0
|   9|0x0000000607000000, 0x0000000607000000, 0x0000000607400000|  0%| F|  |TAMS 0x0000000607000000| PB 0x0000000607000000| Untracked |  0
|  10|0x0000000607400000, 0x0000000607400000, 0x0000000607800000|  0%| F|  |TAMS 0x0000000607400000| PB 0x0000000607400000| Untracked |  0
|  11|0x0000000607800000, 0x0000000607800000, 0x0000000607c00000|  0%| F|  |TAMS 0x0000000607800000| PB 0x0000000607800000| Untracked |  0
|  12|0x0000000607c00000, 0x0000000607c00000, 0x0000000608000000|  0%| F|  |TAMS 0x0000000607c00000| PB 0x0000000607c00000| Untracked |  0
|  13|0x0000000608000000, 0x0000000608000000, 0x0000000608400000|  0%| F|  |TAMS 0x0000000608000000| PB 0x0000000608000000| Untracked |  0
|  14|0x0000000608400000, 0x0000000608400000, 0x0000000608800000|  0%| F|  |TAMS 0x0000000608400000| PB 0x0000000608400000| Untracked |  0
|  15|0x0000000608800000, 0x0000000608800000, 0x0000000608c00000|  0%| F|  |TAMS 0x0000000608800000| PB 0x0000000608800000| Untracked |  0
|  16|0x0000000608c00000, 0x0000000608c00000, 0x0000000609000000|  0%| F|  |TAMS 0x0000000608c00000| PB 0x0000000608c00000| Untracked |  0
|  17|0x0000000609000000, 0x0000000609000000, 0x0000000609400000|  0%| F|  |TAMS 0x0000000609000000| PB 0x0000000609000000| Untracked |  0
|  18|0x0000000609400000, 0x0000000609400000, 0x0000000609800000|  0%| F|  |TAMS 0x0000000609400000| PB 0x0000000609400000| Untracked |  0
|  19|0x0000000609800000, 0x0000000609800000, 0x0000000609c00000|  0%| F|  |TAMS 0x0000000609800000| PB 0x0000000609800000| Untracked |  0
|  20|0x0000000609c00000, 0x0000000609c00000, 0x000000060a000000|  0%| F|  |TAMS 0x0000000609c00000| PB 0x0000000609c00000| Untracked |  0
|  21|0x000000060a000000, 0x000000060a000000, 0x000000060a400000|  0%| F|  |TAMS 0x000000060a000000| PB 0x000000060a000000| Untracked |  0
|  22|0x000000060a400000, 0x000000060a400000, 0x000000060a800000|  0%| F|  |TAMS 0x000000060a400000| PB 0x000000060a400000| Untracked |  0
|  23|0x000000060a800000, 0x000000060a800000, 0x000000060ac00000|  0%| F|  |TAMS 0x000000060a800000| PB 0x000000060a800000| Untracked |  0
|  24|0x000000060ac00000, 0x000000060ac00000, 0x000000060b000000|  0%| F|  |TAMS 0x000000060ac00000| PB 0x000000060ac00000| Untracked |  0
|  25|0x000000060b000000, 0x000000060b000000, 0x000000060b400000|  0%| F|  |TAMS 0x000000060b000000| PB 0x000000060b000000| Untracked |  0
|  26|0x000000060b400000, 0x000000060b400000, 0x000000060b800000|  0%| F|  |TAMS 0x000000060b400000| PB 0x000000060b400000| Untracked |  0
|  27|0x000000060b800000, 0x000000060b800000, 0x000000060bc00000|  0%| F|  |TAMS 0x000000060b800000| PB 0x000000060b800000| Untracked |  0
|  28|0x000000060bc00000, 0x000000060bc00000, 0x000000060c000000|  0%| F|  |TAMS 0x000000060bc00000| PB 0x000000060bc00000| Untracked |  0
|  29|0x000000060c000000, 0x000000060c000000, 0x000000060c400000|  0%| F|  |TAMS 0x000000060c000000| PB 0x000000060c000000| Untracked |  0
|  30|0x000000060c400000, 0x000000060c400000, 0x000000060c800000|  0%| F|  |TAMS 0x000000060c400000| PB 0x000000060c400000| Untracked |  0
|  31|0x000000060c800000, 0x000000060c800000, 0x000000060cc00000|  0%| F|  |TAMS 0x000000060c800000| PB 0x000000060c800000| Untracked |  0
|  32|0x000000060cc00000, 0x000000060cc00000, 0x000000060d000000|  0%| F|  |TAMS 0x000000060cc00000| PB 0x000000060cc00000| Untracked |  0
|  33|0x000000060d000000, 0x000000060d000000, 0x000000060d400000|  0%| F|  |TAMS 0x000000060d000000| PB 0x000000060d000000| Untracked |  0
|  34|0x000000060d400000, 0x000000060d400000, 0x000000060d800000|  0%| F|  |TAMS 0x000000060d400000| PB 0x000000060d400000| Untracked |  0
|  35|0x000000060d800000, 0x000000060d800000, 0x000000060dc00000|  0%| F|  |TAMS 0x000000060d800000| PB 0x000000060d800000| Untracked |  0
|  36|0x000000060dc00000, 0x000000060dc00000, 0x000000060e000000|  0%| F|  |TAMS 0x000000060dc00000| PB 0x000000060dc00000| Untracked |  0
|  37|0x000000060e000000, 0x000000060e000000, 0x000000060e400000|  0%| F|  |TAMS 0x000000060e000000| PB 0x000000060e000000| Untracked |  0
|  38|0x000000060e400000, 0x000000060e400000, 0x000000060e800000|  0%| F|  |TAMS 0x000000060e400000| PB 0x000000060e400000| Untracked |  0
|  39|0x000000060e800000, 0x000000060e800000, 0x000000060ec00000|  0%| F|  |TAMS 0x000000060e800000| PB 0x000000060e800000| Untracked |  0
|  40|0x000000060ec00000, 0x000000060ec00000, 0x000000060f000000|  0%| F|  |TAMS 0x000000060ec00000| PB 0x000000060ec00000| Untracked |  0
|  41|0x000000060f000000, 0x000000060f000000, 0x000000060f400000|  0%| F|  |TAMS 0x000000060f000000| PB 0x000000060f000000| Untracked |  0
|  42|0x000000060f400000, 0x000000060f400000, 0x000000060f800000|  0%| F|  |TAMS 0x000000060f400000| PB 0x000000060f400000| Untracked |  0
|  43|0x000000060f800000, 0x000000060f800000, 0x000000060fc00000|  0%| F|  |TAMS 0x000000060f800000| PB 0x000000060f800000| Untracked |  0
|  44|0x000000060fc00000, 0x000000060fc00000, 0x0000000610000000|  0%| F|  |TAMS 0x000000060fc00000| PB 0x000000060fc00000| Untracked |  0
|  45|0x0000000610000000, 0x0000000610000000, 0x0000000610400000|  0%| F|  |TAMS 0x0000000610000000| PB 0x0000000610000000| Untracked |  0
|  46|0x0000000610400000, 0x0000000610400000, 0x0000000610800000|  0%| F|  |TAMS 0x0000000610400000| PB 0x0000000610400000| Untracked |  0
|  47|0x0000000610800000, 0x0000000610800000, 0x0000000610c00000|  0%| F|  |TAMS 0x0000000610800000| PB 0x0000000610800000| Untracked |  0
|  48|0x0000000610c00000, 0x0000000610c00000, 0x0000000611000000|  0%| F|  |TAMS 0x0000000610c00000| PB 0x0000000610c00000| Untracked |  0
|  49|0x0000000611000000, 0x0000000611000000, 0x0000000611400000|  0%| F|  |TAMS 0x0000000611000000| PB 0x0000000611000000| Untracked |  0
|  50|0x0000000611400000, 0x0000000611400000, 0x0000000611800000|  0%| F|  |TAMS 0x0000000611400000| PB 0x0000000611400000| Untracked |  0
|  51|0x0000000611800000, 0x0000000611800000, 0x0000000611c00000|  0%| F|  |TAMS 0x0000000611800000| PB 0x0000000611800000| Untracked |  0
|  52|0x0000000611c00000, 0x0000000611c00000, 0x0000000612000000|  0%| F|  |TAMS 0x0000000611c00000| PB 0x0000000611c00000| Untracked |  0
|  53|0x0000000612000000, 0x0000000612000000, 0x0000000612400000|  0%| F|  |TAMS 0x0000000612000000| PB 0x0000000612000000| Untracked |  0
|  54|0x0000000612400000, 0x0000000612400000, 0x0000000612800000|  0%| F|  |TAMS 0x0000000612400000| PB 0x0000000612400000| Untracked |  0
|  55|0x0000000612800000, 0x0000000612800000, 0x0000000612c00000|  0%| F|  |TAMS 0x0000000612800000| PB 0x0000000612800000| Untracked |  0
|  56|0x0000000612c00000, 0x0000000612c00000, 0x0000000613000000|  0%| F|  |TAMS 0x0000000612c00000| PB 0x0000000612c00000| Untracked |  0
|  57|0x0000000613000000, 0x0000000613000000, 0x0000000613400000|  0%| F|  |TAMS 0x0000000613000000| PB 0x0000000613000000| Untracked |  0
|  58|0x0000000613400000, 0x0000000613400000, 0x0000000613800000|  0%| F|  |TAMS 0x0000000613400000| PB 0x0000000613400000| Untracked |  0
|  59|0x0000000613800000, 0x0000000613800000, 0x0000000613c00000|  0%| F|  |TAMS 0x0000000613800000| PB 0x0000000613800000| Untracked |  0
|  60|0x0000000613c00000, 0x0000000613c00000, 0x0000000614000000|  0%| F|  |TAMS 0x0000000613c00000| PB 0x0000000613c00000| Untracked |  0
|  61|0x0000000614000000, 0x0000000614000000, 0x0000000614400000|  0%| F|  |TAMS 0x0000000614000000| PB 0x0000000614000000| Untracked |  0
|  62|0x0000000614400000, 0x0000000614400000, 0x0000000614800000|  0%| F|  |TAMS 0x0000000614400000| PB 0x0000000614400000| Untracked |  0
|  63|0x0000000614800000, 0x0000000614800000, 0x0000000614c00000|  0%| F|  |TAMS 0x0000000614800000| PB 0x0000000614800000| Untracked |  0
|  64|0x0000000614c00000, 0x0000000614c00000, 0x0000000615000000|  0%| F|  |TAMS 0x0000000614c00000| PB 0x0000000614c00000| Untracked |  0
|  65|0x0000000615000000, 0x0000000615000000, 0x0000000615400000|  0%| F|  |TAMS 0x0000000615000000| PB 0x0000000615000000| Untracked |  0
|  66|0x0000000615400000, 0x0000000615400000, 0x0000000615800000|  0%| F|  |TAMS 0x0000000615400000| PB 0x0000000615400000| Untracked |  0
|  67|0x0000000615800000, 0x0000000615800000, 0x0000000615c00000|  0%| F|  |TAMS 0x0000000615800000| PB 0x0000000615800000| Untracked |  0
|  68|0x0000000615c00000, 0x0000000615c00000, 0x0000000616000000|  0%| F|  |TAMS 0x0000000615c00000| PB 0x0000000615c00000| Untracked |  0
|  69|0x0000000616000000, 0x0000000616000000, 0x0000000616400000|  0%| F|  |TAMS 0x0000000616000000| PB 0x0000000616000000| Untracked |  0
|  70|0x0000000616400000, 0x0000000616400000, 0x0000000616800000|  0%| F|  |TAMS 0x0000000616400000| PB 0x0000000616400000| Untracked |  0
|  71|0x0000000616800000, 0x0000000616800000, 0x0000000616c00000|  0%| F|  |TAMS 0x0000000616800000| PB 0x0000000616800000| Untracked |  0
|  72|0x0000000616c00000, 0x0000000616c00000, 0x0000000617000000|  0%| F|  |TAMS 0x0000000616c00000| PB 0x0000000616c00000| Untracked |  0
|  73|0x0000000617000000, 0x0000000617000000, 0x0000000617400000|  0%| F|  |TAMS 0x0000000617000000| PB 0x0000000617000000| Untracked |  0
|  74|0x0000000617400000, 0x0000000617400000, 0x0000000617800000|  0%| F|  |TAMS 0x0000000617400000| PB 0x0000000617400000| Untracked |  0
|  75|0x0000000617800000, 0x0000000617800000, 0x0000000617c00000|  0%| F|  |TAMS 0x0000000617800000| PB 0x0000000617800000| Untracked |  0
|  76|0x0000000617c00000, 0x0000000617c00000, 0x0000000618000000|  0%| F|  |TAMS 0x0000000617c00000| PB 0x0000000617c00000| Untracked |  0
|  77|0x0000000618000000, 0x0000000618000000, 0x0000000618400000|  0%| F|  |TAMS 0x0000000618000000| PB 0x0000000618000000| Untracked |  0
|  78|0x0000000618400000, 0x0000000618400000, 0x0000000618800000|  0%| F|  |TAMS 0x0000000618400000| PB 0x0000000618400000| Untracked |  0
|  79|0x0000000618800000, 0x0000000618800000, 0x0000000618c00000|  0%| F|  |TAMS 0x0000000618800000| PB 0x0000000618800000| Untracked |  0
|  80|0x0000000618c00000, 0x0000000618c00000, 0x0000000619000000|  0%| F|  |TAMS 0x0000000618c00000| PB 0x0000000618c00000| Untracked |  0
|  81|0x0000000619000000, 0x0000000619000000, 0x0000000619400000|  0%| F|  |TAMS 0x0000000619000000| PB 0x0000000619000000| Untracked |  0
|  82|0x0000000619400000, 0x0000000619400000, 0x0000000619800000|  0%| F|  |TAMS 0x0000000619400000| PB 0x0000000619400000| Untracked |  0
|  83|0x0000000619800000, 0x0000000619800000, 0x0000000619c00000|  0%| F|  |TAMS 0x0000000619800000| PB 0x0000000619800000| Untracked |  0
|  84|0x0000000619c00000, 0x0000000619c00000, 0x000000061a000000|  0%| F|  |TAMS 0x0000000619c00000| PB 0x0000000619c00000| Untracked |  0
|  85|0x000000061a000000, 0x000000061a000000, 0x000000061a400000|  0%| F|  |TAMS 0x000000061a000000| PB 0x000000061a000000| Untracked |  0
|  86|0x000000061a400000, 0x000000061a400000, 0x000000061a800000|  0%| F|  |TAMS 0x000000061a400000| PB 0x000000061a400000| Untracked |  0
|  87|0x000000061a800000, 0x000000061a800000, 0x000000061ac00000|  0%| F|  |TAMS 0x000000061a800000| PB 0x000000061a800000| Untracked |  0
|  88|0x000000061ac00000, 0x000000061ac00000, 0x000000061b000000|  0%| F|  |TAMS 0x000000061ac00000| PB 0x000000061ac00000| Untracked |  0
|  89|0x000000061b000000, 0x000000061b000000, 0x000000061b400000|  0%| F|  |TAMS 0x000000061b000000| PB 0x000000061b000000| Untracked |  0
|  90|0x000000061b400000, 0x000000061b400000, 0x000000061b800000|  0%| F|  |TAMS 0x000000061b400000| PB 0x000000061b400000| Untracked |  0
|  91|0x000000061b800000, 0x000000061b800000, 0x000000061bc00000|  0%| F|  |TAMS 0x000000061b800000| PB 0x000000061b800000| Untracked |  0
|  92|0x000000061bc00000, 0x000000061bc00000, 0x000000061c000000|  0%| F|  |TAMS 0x000000061bc00000| PB 0x000000061bc00000| Untracked |  0
|  93|0x000000061c000000, 0x000000061c000000, 0x000000061c400000|  0%| F|  |TAMS 0x000000061c000000| PB 0x000000061c000000| Untracked |  0
|  94|0x000000061c400000, 0x000000061c400000, 0x000000061c800000|  0%| F|  |TAMS 0x000000061c400000| PB 0x000000061c400000| Untracked |  0
|  95|0x000000061c800000, 0x000000061c800000, 0x000000061cc00000|  0%| F|  |TAMS 0x000000061c800000| PB 0x000000061c800000| Untracked |  0
|  96|0x000000061cc00000, 0x000000061cc00000, 0x000000061d000000|  0%| F|  |TAMS 0x000000061cc00000| PB 0x000000061cc00000| Untracked |  0
|  97|0x000000061d000000, 0x000000061d000000, 0x000000061d400000|  0%| F|  |TAMS 0x000000061d000000| PB 0x000000061d000000| Untracked |  0
|  98|0x000000061d400000, 0x000000061d400000, 0x000000061d800000|  0%| F|  |TAMS 0x000000061d400000| PB 0x000000061d400000| Untracked |  0
|  99|0x000000061d800000, 0x000000061d800000, 0x000000061dc00000|  0%| F|  |TAMS 0x000000061d800000| PB 0x000000061d800000| Untracked |  0
| 100|0x000000061dc00000, 0x000000061dc00000, 0x000000061e000000|  0%| F|  |TAMS 0x000000061dc00000| PB 0x000000061dc00000| Untracked |  0
| 101|0x000000061e000000, 0x000000061e000000, 0x000000061e400000|  0%| F|  |TAMS 0x000000061e000000| PB 0x000000061e000000| Untracked |  0
| 102|0x000000061e400000, 0x000000061e400000, 0x000000061e800000|  0%| F|  |TAMS 0x000000061e400000| PB 0x000000061e400000| Untracked |  0
| 103|0x000000061e800000, 0x000000061e800000, 0x000000061ec00000|  0%| F|  |TAMS 0x000000061e800000| PB 0x000000061e800000| Untracked |  0
| 104|0x000000061ec00000, 0x000000061ec00000, 0x000000061f000000|  0%| F|  |TAMS 0x000000061ec00000| PB 0x000000061ec00000| Untracked |  0
| 105|0x000000061f000000, 0x000000061f000000, 0x000000061f400000|  0%| F|  |TAMS 0x000000061f000000| PB 0x000000061f000000| Untracked |  0
| 106|0x000000061f400000, 0x000000061f400000, 0x000000061f800000|  0%| F|  |TAMS 0x000000061f400000| PB 0x000000061f400000| Untracked |  0
| 107|0x000000061f800000, 0x000000061f800000, 0x000000061fc00000|  0%| F|  |TAMS 0x000000061f800000| PB 0x000000061f800000| Untracked |  0
| 108|0x000000061fc00000, 0x000000061fc00000, 0x0000000620000000|  0%| F|  |TAMS 0x000000061fc00000| PB 0x000000061fc00000| Untracked |  0
| 109|0x0000000620000000, 0x0000000620000000, 0x0000000620400000|  0%| F|  |TAMS 0x0000000620000000| PB 0x0000000620000000| Untracked |  0
| 110|0x0000000620400000, 0x0000000620400000, 0x0000000620800000|  0%| F|  |TAMS 0x0000000620400000| PB 0x0000000620400000| Untracked |  0
| 111|0x0000000620800000, 0x0000000620800000, 0x0000000620c00000|  0%| F|  |TAMS 0x0000000620800000| PB 0x0000000620800000| Untracked |  0
| 112|0x0000000620c00000, 0x0000000620c00000, 0x0000000621000000|  0%| F|  |TAMS 0x0000000620c00000| PB 0x0000000620c00000| Untracked |  0
| 113|0x0000000621000000, 0x0000000621000000, 0x0000000621400000|  0%| F|  |TAMS 0x0000000621000000| PB 0x0000000621000000| Untracked |  0
| 114|0x0000000621400000, 0x0000000621400000, 0x0000000621800000|  0%| F|  |TAMS 0x0000000621400000| PB 0x0000000621400000| Untracked |  0
| 115|0x0000000621800000, 0x0000000621800000, 0x0000000621c00000|  0%| F|  |TAMS 0x0000000621800000| PB 0x0000000621800000| Untracked |  0
| 116|0x0000000621c00000, 0x0000000621c00000, 0x0000000622000000|  0%| F|  |TAMS 0x0000000621c00000| PB 0x0000000621c00000| Untracked |  0
| 117|0x0000000622000000, 0x0000000622000000, 0x0000000622400000|  0%| F|  |TAMS 0x0000000622000000| PB 0x0000000622000000| Untracked |  0
| 118|0x0000000622400000, 0x0000000622400000, 0x0000000622800000|  0%| F|  |TAMS 0x0000000622400000| PB 0x0000000622400000| Untracked |  0
| 119|0x0000000622800000, 0x0000000622800000, 0x0000000622c00000|  0%| F|  |TAMS 0x0000000622800000| PB 0x0000000622800000| Untracked |  0
| 120|0x0000000622c00000, 0x0000000622c00000, 0x0000000623000000|  0%| F|  |TAMS 0x0000000622c00000| PB 0x0000000622c00000| Untracked |  0
| 121|0x0000000623000000, 0x0000000623000000, 0x0000000623400000|  0%| F|  |TAMS 0x0000000623000000| PB 0x0000000623000000| Untracked |  0
| 122|0x0000000623400000, 0x0000000623400000, 0x0000000623800000|  0%| F|  |TAMS 0x0000000623400000| PB 0x0000000623400000| Untracked |  0
| 123|0x0000000623800000, 0x0000000623800000, 0x0000000623c00000|  0%| F|  |TAMS 0x0000000623800000| PB 0x0000000623800000| Untracked |  0
| 124|0x0000000623c00000, 0x0000000623c00000, 0x0000000624000000|  0%| F|  |TAMS 0x0000000623c00000| PB 0x0000000623c00000| Untracked |  0
| 125|0x0000000624000000, 0x0000000624400000, 0x0000000624400000|100%| E|  |TAMS 0x0000000624000000| PB 0x0000000624000000| Complete |  0
| 126|0x0000000624400000, 0x0000000624800000, 0x0000000624800000|100%| E|CS|TAMS 0x0000000624400000| PB 0x0000000624400000| Complete |  0

Card table byte_map: [0x000001f578be0000,0x000001f579bc0000] _byte_map_base: 0x000001f575bba000

Marking Bits: (CMBitMap*) 0x000001f564027f70
 Bits: [0x000001f500000000, 0x000001f507ed0000)

Polling page: 0x000001f563740000

Metaspace:

Usage:
  Non-class:      4.67 MB used.
      Class:    631.79 KB used.
       Both:      5.29 MB used.

Virtual space:
  Non-class space:       64.00 MB reserved,       4.75 MB (  7%) committed,  1 nodes.
      Class space:        1.00 GB reserved,     704.00 KB ( <1%) committed,  1 nodes.
             Both:        1.06 GB reserved,       5.44 MB ( <1%) committed. 

Chunk freelists:
   Non-Class:  10.79 MB
       Class:  15.20 MB
        Both:  25.99 MB

MaxMetaspaceSize: unlimited
CompressedClassSpaceSize: 1.00 GB
Initial GC threshold: 21.00 MB
Current GC threshold: 21.00 MB
CDS: on
 - commit_granule_bytes: 65536.
 - commit_granule_words: 8192.
 - virtual_space_node_default_size: 8388608.
 - enlarge_chunks_in_place: 1.
 - use_allocation_guard: 0.


Internal statistics:

num_allocs_failed_limit: 0.
num_arena_births: 120.
num_arena_deaths: 0.
num_vsnodes_births: 2.
num_vsnodes_deaths: 0.
num_space_committed: 87.
num_space_uncommitted: 0.
num_chunks_returned_to_freelist: 0.
num_chunks_taken_from_freelist: 153.
num_chunk_merges: 0.
num_chunk_splits: 95.
num_chunks_enlarged: 42.
num_inconsistent_stats: 0.

CodeHeap 'non-profiled nmethods': size=119232Kb used=191Kb max_used=191Kb free=119040Kb
 bounds [0x000001f56f9b0000, 0x000001f56fc20000, 0x000001f576e20000]
CodeHeap 'profiled nmethods': size=119104Kb used=847Kb max_used=847Kb free=118256Kb
 bounds [0x000001f567e20000, 0x000001f568090000, 0x000001f56f270000]
CodeHeap 'non-nmethods': size=7424Kb used=2005Kb max_used=2020Kb free=5418Kb
 bounds [0x000001f56f270000, 0x000001f56f4e0000, 0x000001f56f9b0000]
CodeCache: size=245760Kb, used=3043Kb, max_used=3058Kb, free=242714Kb
 total_blobs=1255, nmethods=714, adapters=446, full_count=0
Compilation: enabled, stopped_count=0, restarted_count=0

Compilation events (20 events):
Event: 0.496 Thread 0x000001f54916ad30  699       3       javax.swing.RepaintManager::getDelegate (14 bytes)
Event: 0.496 Thread 0x000001f549083f40 nmethod 698 0x000001f567ee9f08 code [0x000001f567eea060, 0x000001f567eea368]
Event: 0.496 Thread 0x000001f549083f40  695       3       java.awt.Component::getTreeLock (4 bytes)
Event: 0.496 Thread 0x000001f549083f40 nmethod 695 0x000001f567eea388 code [0x000001f567eea4a0, 0x000001f567eea5b8]
Event: 0.496 Thread 0x000001f54916ad30 nmethod 699 0x000001f567eea688 code [0x000001f567eea7a0, 0x000001f567eea918]
Event: 0.496 Thread 0x000001f549083f40  701       3       sun.awt.image.ImageWatched$WeakLink::lambda$update$0 (19 bytes)
Event: 0.496 Thread 0x000001f549083f40 nmethod 701 0x000001f567eea988 code [0x000001f567eeaac0, 0x000001f567eead50]
Event: 0.496 Thread 0x000001f54916ad30  702       1       java.util.zip.Inflater$InflaterZStreamRef::address (5 bytes)
Event: 0.496 Thread 0x000001f54916ad30 nmethod 702 0x000001f56f9dc408 code [0x000001f56f9dc520, 0x000001f56f9dc5e8]
Event: 0.496 Thread 0x000001f57bebfa20  703 %     4       java.awt.image.AreaAveragingScaleFilter::accumPixels @ 161 (545 bytes)
Event: 0.498 Thread 0x000001f549083f40  707       3       java.awt.Component::getParent (5 bytes)
Event: 0.498 Thread 0x000001f549083f40 nmethod 707 0x000001f567eead88 code [0x000001f567eeaea0, 0x000001f567eeafc8]
Event: 0.499 Thread 0x000001f5492a50a0 nmethod 688% 0x000001f56f9dc708 code [0x000001f56f9dc820, 0x000001f56f9dcdd8]
Event: 0.499 Thread 0x000001f5492a50a0  706       4       java.lang.StringLatin1::equals (36 bytes)
Event: 0.499 Thread 0x000001f54916ad30  709       3       javax.swing.UIDefaults$TextAndMnemonicHashMap::get (358 bytes)
Event: 0.500 Thread 0x000001f549083f40  711       3       sun.awt.image.PNGImageDecoder::getInt (59 bytes)
Event: 0.500 Thread 0x000001f549083f40 nmethod 711 0x000001f567eeb088 code [0x000001f567eeb1a0, 0x000001f567eeb380]
Event: 0.500 Thread 0x000001f5492a50a0 nmethod 706 0x000001f56f9dd188 code [0x000001f56f9dd280, 0x000001f56f9dd440]
Event: 0.500 Thread 0x000001f5492a50a0  708       4       sun.awt.image.PNGImageDecoder::filterRow (460 bytes)
Event: 0.500 Thread 0x000001f549083f40  712       1       java.awt.Color::getRGB (5 bytes)

GC Heap History (0 events):
No events

Dll operation events (7 events):
Event: 0.005 Loaded shared library C:\Users\TanDev\.p2\pool\plugins\org.eclipse.justj.openjdk.hotspot.jre.full.win32.x86_64_23.0.1.v20241024-1700\jre\bin\java.dll
Event: 0.171 Loaded shared library C:\Users\TanDev\.p2\pool\plugins\org.eclipse.justj.openjdk.hotspot.jre.full.win32.x86_64_23.0.1.v20241024-1700\jre\bin\zip.dll
Event: 0.184 Loaded shared library C:\Users\TanDev\.p2\pool\plugins\org.eclipse.justj.openjdk.hotspot.jre.full.win32.x86_64_23.0.1.v20241024-1700\jre\bin\jimage.dll
Event: 0.187 Loaded shared library C:\Users\TanDev\.p2\pool\plugins\org.eclipse.justj.openjdk.hotspot.jre.full.win32.x86_64_23.0.1.v20241024-1700\jre\bin\net.dll
Event: 0.188 Loaded shared library C:\Users\TanDev\.p2\pool\plugins\org.eclipse.justj.openjdk.hotspot.jre.full.win32.x86_64_23.0.1.v20241024-1700\jre\bin\nio.dll
Event: 0.189 Loaded shared library C:\Users\TanDev\.p2\pool\plugins\org.eclipse.justj.openjdk.hotspot.jre.full.win32.x86_64_23.0.1.v20241024-1700\jre\bin\zip.dll
Event: 0.203 Loaded shared library C:\Users\TanDev\.p2\pool\plugins\org.eclipse.justj.openjdk.hotspot.jre.full.win32.x86_64_23.0.1.v20241024-1700\jre\bin\awt.dll

Deoptimization events (14 events):
Event: 0.194 Thread 0x000001f563f7f860 DEOPT PACKING pc=0x000001f567e3d1c1 sp=0x00000062296fcc60
Event: 0.194 Thread 0x000001f563f7f860 DEOPT UNPACKING pc=0x000001f56f2c4b22 sp=0x00000062296fc0d0 mode 0
Event: 0.194 Thread 0x000001f563f7f860 DEOPT PACKING pc=0x000001f567e3d1c1 sp=0x00000062296fcc60
Event: 0.194 Thread 0x000001f563f7f860 DEOPT UNPACKING pc=0x000001f56f2c4b22 sp=0x00000062296fc0d0 mode 0
Event: 0.195 Thread 0x000001f563f7f860 DEOPT PACKING pc=0x000001f567e3d1c1 sp=0x00000062296fcc60
Event: 0.195 Thread 0x000001f563f7f860 DEOPT UNPACKING pc=0x000001f56f2c4b22 sp=0x00000062296fc0d0 mode 0
Event: 0.472 Thread 0x000001f563f7f860 Uncommon trap: trap_request=0xffffff45 fr.pc=0x000001f56f9d5780 relative=0x0000000000000180
Event: 0.472 Thread 0x000001f563f7f860 Uncommon trap: reason=unstable_if action=reinterpret pc=0x000001f56f9d5780 method=java.lang.String.equals(Ljava/lang/Object;)Z @ 33 c2
Event: 0.472 Thread 0x000001f563f7f860 DEOPT PACKING pc=0x000001f56f9d5780 sp=0x00000062296ff3d0
Event: 0.472 Thread 0x000001f563f7f860 DEOPT UNPACKING pc=0x000001f56f2c4402 sp=0x00000062296ff360 mode 2
Event: 0.499 Thread 0x000001f55175da70 DEOPT PACKING pc=0x000001f567ecfede sp=0x000000622b3ff210
Event: 0.499 Thread 0x000001f55175da70 DEOPT UNPACKING pc=0x000001f56f2c4b22 sp=0x000000622b3fe6b0 mode 0
Event: 0.500 Thread 0x000001f551659e30 DEOPT PACKING pc=0x000001f567ecfede sp=0x000000622b5ff4e0
Event: 0.500 Thread 0x000001f551659e30 DEOPT UNPACKING pc=0x000001f56f2c4b22 sp=0x000000622b5fe980 mode 0

Classes loaded (20 events):
Event: 0.487 Loading class javax/swing/MenuSelectionManager
Event: 0.487 Loading class javax/swing/MenuSelectionManager done
Event: 0.487 Loading class javax/swing/plaf/basic/BasicPopupMenuUI$MenuKeyboardHelper
Event: 0.487 Loading class javax/swing/plaf/basic/BasicPopupMenuUI$MenuKeyboardHelper done
Event: 0.487 Loading class javax/swing/plaf/basic/BasicPopupMenuUI$MenuKeyboardHelper$1
Event: 0.487 Loading class java/awt/event/FocusAdapter
Event: 0.487 Loading class java/awt/event/FocusAdapter done
Event: 0.487 Loading class javax/swing/plaf/basic/BasicPopupMenuUI$MenuKeyboardHelper$1 done
Event: 0.487 Loading class javax/swing/JMenu$WinListener
Event: 0.487 Loading class java/awt/event/WindowAdapter
Event: 0.487 Loading class java/awt/event/WindowAdapter done
Event: 0.487 Loading class javax/swing/JMenu$WinListener done
Event: 0.487 Loading class java/awt/event/ContainerEvent
Event: 0.487 Loading class java/awt/event/ContainerEvent done
Event: 0.487 Loading class sun/awt/dnd/SunDropTargetEvent
Event: 0.487 Loading class sun/awt/dnd/SunDropTargetEvent done
Event: 0.487 Loading class java/awt/event/FocusEvent
Event: 0.487 Loading class java/awt/event/FocusEvent done
Event: 0.487 Loading class java/awt/event/InputMethodEvent
Event: 0.487 Loading class java/awt/event/InputMethodEvent done

Classes unloaded (0 events):
No events

Classes redefined (0 events):
No events

Internal exceptions (9 events):
Event: 0.198 Thread 0x000001f563f7f860 Exception <a 'java/lang/ClassNotFoundException'{0x00000006246cdbf8}: sun/awt/resources/spi/awtProvider> (0x00000006246cdbf8) 
thrown [s\src\hotspot\share\classfile\systemDictionary.cpp, line 313]
Event: 0.210 Thread 0x000001f563f7f860 Exception <a 'java/io/FileNotFoundException'{0x0000000624722ad0}> (0x0000000624722ad0) 
thrown [s\src\hotspot\share\prims\jni.cpp, line 520]
Event: 0.213 Thread 0x000001f563f7f860 Exception <a 'java/io/FileNotFoundException'{0x0000000624750e40}> (0x0000000624750e40) 
thrown [s\src\hotspot\share\prims\jni.cpp, line 520]
Event: 0.441 Thread 0x000001f563f7f860 Exception <a 'java/lang/NoSuchMethodError'{0x000000062406a040}: 'void java.lang.invoke.DirectMethodHandle$Holder.invokeSpecial(java.lang.Object, java.lang.Object, java.lang.Object)'> (0x000000062406a040) 
thrown [s\src\hotspot\share\interpreter\linkResolver.cpp, line 796]
Event: 0.449 Thread 0x000001f563f7f860 Exception <a 'java/lang/NoSuchMethodError'{0x00000006241af690}: 'java.lang.Object java.lang.invoke.DirectMethodHandle$Holder.invokeStatic(java.lang.Object, int, java.lang.Object)'> (0x00000006241af690) 
thrown [s\src\hotspot\share\interpreter\linkResolver.cpp, line 796]
Event: 0.458 Thread 0x000001f563f7f860 Exception <a 'java/lang/ClassNotFoundException'{0x0000000624251e60}: com/sun/swing/internal/plaf/metal/resources/spi/metalProvider> (0x0000000624251e60) 
thrown [s\src\hotspot\share\classfile\systemDictionary.cpp, line 313]
Event: 0.459 Thread 0x000001f563f7f860 Exception <a 'java/lang/ClassNotFoundException'{0x0000000624255e50}: com/sun/swing/internal/plaf/basic/resources/spi/basicProvider> (0x0000000624255e50) 
thrown [s\src\hotspot\share\classfile\systemDictionary.cpp, line 313]
Event: 0.464 Thread 0x000001f563f7f860 Exception <a 'java/lang/NoSuchMethodError'{0x0000000624276238}: 'int java.lang.invoke.Invokers$Holder.invokeExact_MT(java.lang.Object, java.lang.Object)'> (0x0000000624276238) 
thrown [s\src\hotspot\share\interpreter\linkResolver.cpp, line 796]
Event: 0.478 Thread 0x000001f55175da70 Exception <a 'java/lang/NoSuchMethodError'{0x00000006242ed518}: 'java.lang.Object java.lang.invoke.DirectMethodHandle$Holder.newInvokeSpecial(java.lang.Object, java.lang.Object, java.lang.Object, int, int, int, int, int)'> (0x00000006242ed518) 
thrown [s\src\hotspot\share\interpreter\linkResolver.cpp, line 796]

VM Operations (6 events):
Event: 0.219 Executing VM operation: HandshakeAllThreads (Deoptimize)
Event: 0.219 Executing VM operation: HandshakeAllThreads (Deoptimize) done
Event: 0.458 Executing VM operation: HandshakeAllThreads (Deoptimize)
Event: 0.458 Executing VM operation: HandshakeAllThreads (Deoptimize) done
Event: 0.468 Executing VM operation: HandshakeAllThreads (Deoptimize)
Event: 0.468 Executing VM operation: HandshakeAllThreads (Deoptimize) done

Memory protections (0 events):
No events

Nmethod flushes (0 events):
No events

Events (18 events):
Event: 0.152 Thread 0x000001f563f7f860 Thread added: 0x000001f563f7f860
Event: 0.159 Thread 0x000001f563f7f860 Thread added: 0x000001f57beaeca0
Event: 0.159 Thread 0x000001f563f7f860 Thread added: 0x000001f57beafac0
Event: 0.160 Thread 0x000001f563f7f860 Thread added: 0x000001f57beb1b10
Event: 0.160 Thread 0x000001f563f7f860 Thread added: 0x000001f57beb4680
Event: 0.160 Thread 0x000001f563f7f860 Thread added: 0x000001f57beb50e0
Event: 0.160 Thread 0x000001f563f7f860 Thread added: 0x000001f57bebec90
Event: 0.160 Thread 0x000001f563f7f860 Thread added: 0x000001f57bebfa20
Event: 0.160 Thread 0x000001f563f7f860 Thread added: 0x000001f549083f40
Event: 0.167 Thread 0x000001f549083f40 Thread added: 0x000001f54916ad30
Event: 0.170 Thread 0x000001f563f7f860 Thread added: 0x000001f5491cf520
Event: 0.171 Thread 0x000001f563f7f860 Thread added: 0x000001f5491d23c0
Event: 0.240 Thread 0x000001f563f7f860 Thread added: 0x000001f5495e5ef0
Event: 0.240 Thread 0x000001f563f7f860 Thread added: 0x000001f5495e79a0
Event: 0.241 Thread 0x000001f563f7f860 Thread added: 0x000001f5495ec020
Event: 0.476 Thread 0x000001f563f7f860 Thread added: 0x000001f55175da70
Event: 0.484 Thread 0x000001f54916ad30 Thread added: 0x000001f5492a50a0
Event: 0.497 Thread 0x000001f563f7f860 Thread added: 0x000001f551659e30


Dynamic libraries:
0x00007ff6ba120000 - 0x00007ff6ba12e000 	C:\Users\TanDev\.p2\pool\plugins\org.eclipse.justj.openjdk.hotspot.jre.full.win32.x86_64_23.0.1.v20241024-1700\jre\bin\javaw.exe
0x00007ffca12f0000 - 0x00007ffca1507000 	C:\Windows\SYSTEM32\ntdll.dll
0x00007ffc9fa40000 - 0x00007ffc9fb04000 	C:\Windows\System32\KERNEL32.DLL
0x00007ffc9eae0000 - 0x00007ffc9ee99000 	C:\Windows\System32\KERNELBASE.dll
0x00007ffc9e870000 - 0x00007ffc9e981000 	C:\Windows\System32\ucrtbase.dll
0x00007ffc82ed0000 - 0x00007ffc82ee7000 	C:\Users\TanDev\.p2\pool\plugins\org.eclipse.justj.openjdk.hotspot.jre.full.win32.x86_64_23.0.1.v20241024-1700\jre\bin\jli.dll
0x00007ffc82eb0000 - 0x00007ffc82ece000 	C:\Users\TanDev\.p2\pool\plugins\org.eclipse.justj.openjdk.hotspot.jre.full.win32.x86_64_23.0.1.v20241024-1700\jre\bin\VCRUNTIME140.dll
0x00007ffc9f200000 - 0x00007ffc9f3ae000 	C:\Windows\System32\USER32.dll
0x00007ffc9e5f0000 - 0x00007ffc9e616000 	C:\Windows\System32\win32u.dll
0x00007ffc9f1d0000 - 0x00007ffc9f1f9000 	C:\Windows\System32\GDI32.dll
0x00007ffc9e9c0000 - 0x00007ffc9eadb000 	C:\Windows\System32\gdi32full.dll
0x00007ffc9e6e0000 - 0x00007ffc9e77a000 	C:\Windows\System32\msvcp_win.dll
0x00007ffc86450000 - 0x00007ffc866e2000 	C:\Windows\WinSxS\amd64_microsoft.windows.common-controls_6595b64144ccf1df_6.0.22621.4391_none_2715d37f73803e96\COMCTL32.dll
0x00007ffc9f3b0000 - 0x00007ffc9f457000 	C:\Windows\System32\msvcrt.dll
0x00007ffc9f110000 - 0x00007ffc9f141000 	C:\Windows\System32\IMM32.DLL
0x00007ffc982f0000 - 0x00007ffc982fc000 	C:\Users\TanDev\.p2\pool\plugins\org.eclipse.justj.openjdk.hotspot.jre.full.win32.x86_64_23.0.1.v20241024-1700\jre\bin\vcruntime140_1.dll
0x00007ffc82c60000 - 0x00007ffc82ced000 	C:\Users\TanDev\.p2\pool\plugins\org.eclipse.justj.openjdk.hotspot.jre.full.win32.x86_64_23.0.1.v20241024-1700\jre\bin\msvcp140.dll
0x00007ffbf01c0000 - 0x00007ffbf0f8d000 	C:\Users\TanDev\.p2\pool\plugins\org.eclipse.justj.openjdk.hotspot.jre.full.win32.x86_64_23.0.1.v20241024-1700\jre\bin\server\jvm.dll
0x00007ffca04b0000 - 0x00007ffca0562000 	C:\Windows\System32\ADVAPI32.dll
0x00007ffc9f510000 - 0x00007ffc9f5b7000 	C:\Windows\System32\sechost.dll
0x00007ffc9e990000 - 0x00007ffc9e9b8000 	C:\Windows\System32\bcrypt.dll
0x00007ffca0f30000 - 0x00007ffca1044000 	C:\Windows\System32\RPCRT4.dll
0x00007ffc9f150000 - 0x00007ffc9f1c1000 	C:\Windows\System32\WS2_32.dll
0x00007ffc9d480000 - 0x00007ffc9d4cd000 	C:\Windows\SYSTEM32\POWRPROF.dll
0x00007ffc95c10000 - 0x00007ffc95c1a000 	C:\Windows\SYSTEM32\VERSION.dll
0x00007ffc98180000 - 0x00007ffc981b4000 	C:\Windows\SYSTEM32\WINMM.dll
0x00007ffc9d460000 - 0x00007ffc9d473000 	C:\Windows\SYSTEM32\UMPDC.dll
0x00007ffc9d6c0000 - 0x00007ffc9d6d8000 	C:\Windows\SYSTEM32\kernel.appcore.dll
0x00007ffc984d0000 - 0x00007ffc984da000 	C:\Users\TanDev\.p2\pool\plugins\org.eclipse.justj.openjdk.hotspot.jre.full.win32.x86_64_23.0.1.v20241024-1700\jre\bin\jimage.dll
0x00007ffc9bba0000 - 0x00007ffc9bdd2000 	C:\Windows\SYSTEM32\DBGHELP.DLL
0x00007ffc9f6b0000 - 0x00007ffc9fa3f000 	C:\Windows\System32\combase.dll
0x00007ffca11d0000 - 0x00007ffca12a7000 	C:\Windows\System32\OLEAUT32.dll
0x00007ffc91c70000 - 0x00007ffc91ca2000 	C:\Windows\SYSTEM32\dbgcore.DLL
0x00007ffc9e7f0000 - 0x00007ffc9e86b000 	C:\Windows\System32\bcryptPrimitives.dll
0x00007ffc98460000 - 0x00007ffc9847e000 	C:\Users\TanDev\.p2\pool\plugins\org.eclipse.justj.openjdk.hotspot.jre.full.win32.x86_64_23.0.1.v20241024-1700\jre\bin\java.dll
0x00007ffca0d80000 - 0x00007ffca0f25000 	C:\Windows\System32\ole32.dll
0x00007ffc9fb10000 - 0x00007ffca0386000 	C:\Windows\System32\SHELL32.dll
0x00007ffc9c540000 - 0x00007ffc9ce43000 	C:\Windows\SYSTEM32\windows.storage.dll
0x00007ffc9c400000 - 0x00007ffc9c53f000 	C:\Windows\SYSTEM32\wintypes.dll
0x00007ffc9f010000 - 0x00007ffc9f109000 	C:\Windows\System32\SHCORE.dll
0x00007ffca0d20000 - 0x00007ffca0d7e000 	C:\Windows\System32\shlwapi.dll
0x00007ffc9e520000 - 0x00007ffc9e54b000 	C:\Windows\SYSTEM32\profapi.dll
0x00007ffc868c0000 - 0x00007ffc868d7000 	C:\Users\TanDev\.p2\pool\plugins\org.eclipse.justj.openjdk.hotspot.jre.full.win32.x86_64_23.0.1.v20241024-1700\jre\bin\zip.dll
0x00007ffc984a0000 - 0x00007ffc984b0000 	C:\Users\TanDev\.p2\pool\plugins\org.eclipse.justj.openjdk.hotspot.jre.full.win32.x86_64_23.0.1.v20241024-1700\jre\bin\net.dll
0x00007ffc9dba0000 - 0x00007ffc9dc09000 	C:\Windows\system32\mswsock.dll
0x00007ffc82e90000 - 0x00007ffc82ea6000 	C:\Users\TanDev\.p2\pool\plugins\org.eclipse.justj.openjdk.hotspot.jre.full.win32.x86_64_23.0.1.v20241024-1700\jre\bin\nio.dll
0x00007ffc82a20000 - 0x00007ffc82bad000 	C:\Users\TanDev\.p2\pool\plugins\org.eclipse.justj.openjdk.hotspot.jre.full.win32.x86_64_23.0.1.v20241024-1700\jre\bin\awt.dll
0x00007ffc99800000 - 0x00007ffc99897000 	C:\Windows\SYSTEM32\apphelp.dll
0x00007ffc9b290000 - 0x00007ffc9b2bb000 	C:\Windows\system32\DWMAPI.DLL
0x00007ffc9b000000 - 0x00007ffc9b0b1000 	C:\Windows\system32\uxtheme.dll
0x00007ffc4b210000 - 0x00007ffc4b310000 	C:\Windows\system32\opengl32.dll
0x00007ffc82c30000 - 0x00007ffc82c5d000 	C:\Windows\SYSTEM32\GLU32.dll
0x00007ffc9b880000 - 0x00007ffc9b8b7000 	C:\Windows\SYSTEM32\dxcore.dll
0x00007ffca0bc0000 - 0x00007ffca0d20000 	C:\Windows\System32\MSCTF.dll
0x00007ffc28f60000 - 0x00007ffc29108000 	C:\Windows\system32\d3d9.dll
0x00007ffc9e300000 - 0x00007ffc9e34e000 	C:\Windows\SYSTEM32\cfgmgr32.dll
0x00007ffc9eea0000 - 0x00007ffc9f006000 	C:\Windows\System32\CRYPT32.dll
0x00007ffc95510000 - 0x00007ffc95559000 	C:\Windows\SYSTEM32\directxdatabasehelper.dll
0x00007ffc77bd0000 - 0x00007ffc77c94000 	C:\Windows\System32\DriverStore\FileRepository\nvdmi.inf_amd64_f449ae67e7a02a53\nvldumdx.dll
0x00007ffc9de50000 - 0x00007ffc9de62000 	C:\Windows\SYSTEM32\msasn1.dll
0x00007ffc95b60000 - 0x00007ffc95b92000 	C:\Windows\SYSTEM32\cryptnet.dll
0x00007ffc9ddf0000 - 0x00007ffc9ddfc000 	C:\Windows\SYSTEM32\cryptbase.dll
0x00007ffc9dec0000 - 0x00007ffc9df09000 	C:\Windows\SYSTEM32\wldp.dll
0x00007ffc959c0000 - 0x00007ffc95b22000 	C:\Windows\SYSTEM32\drvstore.dll
0x00007ffc9e2b0000 - 0x00007ffc9e2dc000 	C:\Windows\SYSTEM32\devobj.dll
0x00007ffc9e780000 - 0x00007ffc9e7ec000 	C:\Windows\System32\wintrust.dll
0x00007ffca0390000 - 0x00007ffca03af000 	C:\Windows\System32\imagehlp.dll
0x00007ffc9de00000 - 0x00007ffc9de1b000 	C:\Windows\SYSTEM32\CRYPTSP.dll
0x00007ffc9d680000 - 0x00007ffc9d6b5000 	C:\Windows\system32\rsaenh.dll
0x00007ffc747f0000 - 0x00007ffc77500000 	C:\Windows\System32\DriverStore\FileRepository\nvdmi.inf_amd64_f449ae67e7a02a53\nvgpucomp64.dll
0x00007ffbed340000 - 0x00007ffbef0cc000 	C:\Windows\System32\DriverStore\FileRepository\nvdmi.inf_amd64_f449ae67e7a02a53\nvd3dumx.dll
0x00007ffc29210000 - 0x00007ffc2950b000 	C:\Windows\system32\nvspcap64.dll
0x00007ffc9d830000 - 0x00007ffc9d864000 	C:\Windows\SYSTEM32\ntmarta.dll
0x00007ffc9dc30000 - 0x00007ffc9dc56000 	C:\Windows\SYSTEM32\gpapi.dll
0x00007ffc28a00000 - 0x00007ffc28b55000 	C:\Windows\System32\DriverStore\FileRepository\nvdmi.inf_amd64_f449ae67e7a02a53\nvppex.dll
0x00007ffc4aff0000 - 0x00007ffc4b0a0000 	C:\Windows\SYSTEM32\d3d9on12.dll
0x00007ffc9b180000 - 0x00007ffc9b277000 	C:\Windows\SYSTEM32\dxgi.dll
0x00007ffc7cc60000 - 0x00007ffc7cc86000 	C:\Windows\SYSTEM32\d3d12.dll
0x00007ffc40f30000 - 0x00007ffc41132000 	C:\Windows\SYSTEM32\D3D12Core.dll
0x00007ffc40e30000 - 0x00007ffc40f23000 	C:\Windows\System32\DriverStore\FileRepository\iigd_dch.inf_amd64_d58cd4600fa10f34\igd12umd64.dll
0x00007ffbef0d0000 - 0x00007ffbf01b9000 	C:\Windows\System32\DriverStore\FileRepository\iigd_dch.inf_amd64_d58cd4600fa10f34\igd12um64xel.dll
0x00007ffc7b850000 - 0x00007ffc7b876000 	C:\Windows\System32\DriverStore\FileRepository\iigd_dch.inf_amd64_d58cd4600fa10f34\igdext64.dll
0x00007ffc7b740000 - 0x00007ffc7b787000 	C:\Windows\SYSTEM32\ControlLib.dll
0x00007ffc8c360000 - 0x00007ffc8c3f3000 	C:\Windows\System32\DriverStore\FileRepository\iigd_dch.inf_amd64_d58cd4600fa10f34\IntelControlLib.dll
0x00007ffc8bef0000 - 0x00007ffc8c32d000 	C:\Windows\System32\DriverStore\FileRepository\iigd_dch.inf_amd64_d58cd4600fa10f34\igdgmm64.dll
0x00007ffc87b40000 - 0x00007ffc8bb36000 	C:\Windows\System32\DriverStore\FileRepository\iigd_dch.inf_amd64_d58cd4600fa10f34\igc64.dll
0x00007ffc7b820000 - 0x00007ffc7b84f000 	C:\Windows\SYSTEM32\D3DSCache.dll
0x00007ffc9dc90000 - 0x00007ffc9dcb8000 	C:\Windows\SYSTEM32\USERENV.dll
0x00007ffc40a50000 - 0x00007ffc40d62000 	C:\Windows\System32\DriverStore\FileRepository\iigd_dch.inf_amd64_d58cd4600fa10f34\igd12dxva64.dll
0x00007ffca0570000 - 0x00007ffca09e4000 	C:\Windows\System32\SETUPAPI.dll
0x00007ffbf32c0000 - 0x00007ffbf4498000 	C:\Windows\System32\DriverStore\FileRepository\iigd_dch.inf_amd64_d58cd4600fa10f34\igddxvacommon64.dll
0x00007ffbf1590000 - 0x00007ffbf32bb000 	C:\Windows\System32\DriverStore\FileRepository\iigd_dch.inf_amd64_d58cd4600fa10f34\media_bin_64.dll
0x00007ffc818d0000 - 0x00007ffc818f7000 	C:\Windows\System32\DriverStore\FileRepository\iigd_dch.inf_amd64_d58cd4600fa10f34\igdinfo64.dll

dbghelp: loaded successfully - version: 4.0.5 - missing functions: none
symbol engine: initialized successfully - sym options: 0x614 - pdb path: .;C:\Users\TanDev\.p2\pool\plugins\org.eclipse.justj.openjdk.hotspot.jre.full.win32.x86_64_23.0.1.v20241024-1700\jre\bin;C:\Windows\SYSTEM32;C:\Windows\WinSxS\amd64_microsoft.windows.common-controls_6595b64144ccf1df_6.0.22621.4391_none_2715d37f73803e96;C:\Users\TanDev\.p2\pool\plugins\org.eclipse.justj.openjdk.hotspot.jre.full.win32.x86_64_23.0.1.v20241024-1700\jre\bin\server;C:\Windows\System32\DriverStore\FileRepository\nvdmi.inf_amd64_f449ae67e7a02a53;C:\Windows\System32\DriverStore\FileRepository\iigd_dch.inf_amd64_d58cd4600fa10f34

VM Arguments:
jvm_args: -Dfile.encoding=UTF-8 -Dstdout.encoding=UTF-8 -Dstderr.encoding=UTF-8 -XX:+ShowCodeDetailsInExceptionMessages 
java_command: gui.DangNhap
java_class_path (initial): D:\Nhom2_QLDBNH\bin;D:\Nhom2_QLDBNH\lib\jdatepicker-1.3.4.jar;D:\Nhom2_QLDBNH\lib\mssql-jdbc-12.8.1.jre11.jar;D:\Nhom2_QLDBNH\lib\mssql-jdbc-12.8.1.jre11-javadoc.jar;D:\Nhom2_QLDBNH\lib\mssql-jdbc-12.8.1.jre11-sources.jar;D:\Nhom2_QLDBNH\com.miglayout.swing_11.4.2.jar;D:\Nhom2_QLDBNH\com.miglayout.core_11.4.2.jar;D:\Nhom2_QLDBNH\com.jgoodies.forms_1.9.0.v20240327-0800.jar;D:\Nhom2_QLDBNH\com.jgoodies.common_1.8.1.v20240327-0800.jar;D:\Nhom2_QLDBNH\lib\activation.jar;D:\Nhom2_QLDBNH\lib\mail.jar;D:\Nhom2_QLDBNH\lib\jcalendar_1.0.0.jar
Launcher Type: SUN_STANDARD

[Global flags]
     intx CICompilerCount                          = 12                                        {product} {ergonomic}
     uint ConcGCThreads                            = 5                                         {product} {ergonomic}
     uint G1ConcRefinementThreads                  = 18                                        {product} {ergonomic}
   size_t G1HeapRegionSize                         = 4194304                                   {product} {ergonomic}
   size_t InitialHeapSize                          = 532676608                                 {product} {ergonomic}
   size_t MarkStackSize                            = 4194304                                   {product} {ergonomic}
   size_t MarkStackSizeMax                         = 536870912                                 {product} {ergonomic}
   size_t MaxHeapSize                              = 8510242816                                {product} {ergonomic}
   size_t MaxNewSize                               = 5104467968                                {product} {ergonomic}
   size_t MinHeapDeltaBytes                        = 4194304                                   {product} {ergonomic}
   size_t MinHeapSize                              = 8388608                                   {product} {ergonomic}
    uintx NonNMethodCodeHeapSize                   = 7602176                                {pd product} {ergonomic}
    uintx NonProfiledCodeHeapSize                  = 122093568                              {pd product} {ergonomic}
    uintx ProfiledCodeHeapSize                     = 121962496                              {pd product} {ergonomic}
    uintx ReservedCodeCacheSize                    = 251658240                              {pd product} {ergonomic}
     bool SegmentedCodeCache                       = true                                      {product} {ergonomic}
     bool ShowCodeDetailsInExceptionMessages       = true                                   {manageable} {command line}
   size_t SoftMaxHeapSize                          = 8510242816                             {manageable} {ergonomic}
     bool UseCompressedOops                        = true                           {product lp64_product} {ergonomic}
     bool UseG1GC                                  = true                                      {product} {ergonomic}
     bool UseLargePagesIndividualAllocation        = false                                  {pd product} {ergonomic}

Logging:
Log output configuration:
 #0: stdout all=warning uptime,level,tags foldmultilines=false
 #1: stderr all=off uptime,level,tags foldmultilines=false

Environment Variables:
JAVA_HOME=C:\Program Files\Java\jdk-22
PATH=C:/Users/TanDev/.p2/pool/plugins/org.eclipse.justj.openjdk.hotspot.jre.full.win32.x86_64_23.0.1.v20241024-1700/jre/bin/server;C:/Users/TanDev/.p2/pool/plugins/org.eclipse.justj.openjdk.hotspot.jre.full.win32.x86_64_23.0.1.v20241024-1700/jre/bin;C:\Program Files (x86)\VMware\VMware Workstation\bin\;C:\Program Files\Common Files\Oracle\Java\javapath;C:\Windows\system32;C:\Windows;C:\Windows\System32\Wbem;C:\Windows\System32\WindowsPowerShell\v1.0\;C:\Windows\System32\OpenSSH\;C:\Program Files (x86)\NVIDIA Corporation\PhysX\Common;C:\Program Files\dotnet\;C:\Program Files\Git\cmd;C:\Program Files (x86)\Microsoft SQL Server\160\Tools\Binn\;C:\Program Files\Microsoft SQL Server\160\Tools\Binn\;C:\Program Files\Microsoft SQL Server\Client SDK\ODBC\170\Tools\Binn\;C:\Program Files\Microsoft SQL Server\160\DTS\Binn\;C:\Program Files (x86)\Microsoft SQL Server\160\DTS\Binn\;C:\Users\TanDev\AppData\Roaming\nvm;C:\Program Files\nodejs;C:\Program Files\NVIDIA Corporation\NVIDIA app\NvDLISR;C:\Program Files (x86)\Yarn\bin\;C:\Users\TanDev\AppData\Local\Microsoft\WindowsApps;C:\Users\TanDev\AppData\Local\Programs\Microsoft VS Code\bin;C:\Users\TanDev\AppData\Roaming\npm;C:\Users\TanDev\AppData\Roaming\nvm;C:\Program Files\nodejs;C:\Users\TanDev\AppData\Local\Yarn\bin;C:\Program Files\Java\jdk-22\bin;;C:\Windows\system32;
USERNAME=TanDev
OS=Windows_NT
PROCESSOR_IDENTIFIER=Intel64 Family 6 Model 191 Stepping 2, GenuineIntel
TMP=C:\Users\TanDev\AppData\Local\Temp
TEMP=C:\Users\TanDev\AppData\Local\Temp




Periodic native trim disabled

---------------  S Y S T E M  ---------------

OS:
 Windows 11 , 64 bit Build 22621 (10.0.22621.4391)
OS uptime: 0 days 6:58 hours

CPU: total 24 (initial active 24) (12 cores per cpu, 2 threads per core) family 6 model 191 stepping 2 microcode 0x37, cx8, cmov, fxsr, ht, mmx, 3dnowpref, sse, sse2, sse3, ssse3, sse4.1, sse4.2, popcnt, lzcnt, tsc, tscinvbit, avx, avx2, aes, erms, clmul, bmi1, bmi2, adx, sha, fma, vzeroupper, clflush, clflushopt, clwb, serialize, rdtscp, rdpid, fsrm, gfni, f16c, pku, cet_ibt, cet_ss
Processor Information for processor 0
  Max Mhz: 2100, Current Mhz: 2100, Mhz Limit: 2100
Processor Information for processor 1
  Max Mhz: 2100, Current Mhz: 1453, Mhz Limit: 2100
Processor Information for processor 2
  Max Mhz: 2100, Current Mhz: 2100, Mhz Limit: 2100
Processor Information for processor 3
  Max Mhz: 2100, Current Mhz: 2100, Mhz Limit: 2100
Processor Information for processor 4
  Max Mhz: 2100, Current Mhz: 2100, Mhz Limit: 2100
Processor Information for processor 5
  Max Mhz: 2100, Current Mhz: 1453, Mhz Limit: 2100
Processor Information for processor 6
  Max Mhz: 2100, Current Mhz: 2100, Mhz Limit: 2100
Processor Information for processor 7
  Max Mhz: 2100, Current Mhz: 1453, Mhz Limit: 2100
Processor Information for processor 8
  Max Mhz: 2100, Current Mhz: 2100, Mhz Limit: 2100
Processor Information for processor 9
  Max Mhz: 2100, Current Mhz: 2100, Mhz Limit: 2100
Processor Information for processor 10
  Max Mhz: 2100, Current Mhz: 2100, Mhz Limit: 2100
Processor Information for processor 11
  Max Mhz: 2100, Current Mhz: 2100, Mhz Limit: 2100
Processor Information for processor 12
  Max Mhz: 2100, Current Mhz: 2100, Mhz Limit: 2100
Processor Information for processor 13
  Max Mhz: 2100, Current Mhz: 2100, Mhz Limit: 2100
Processor Information for processor 14
  Max Mhz: 2100, Current Mhz: 2100, Mhz Limit: 2100
Processor Information for processor 15
  Max Mhz: 2100, Current Mhz: 2100, Mhz Limit: 2100
Processor Information for processor 16
  Max Mhz: 2100, Current Mhz: 1500, Mhz Limit: 1491
Processor Information for processor 17
  Max Mhz: 2100, Current Mhz: 1500, Mhz Limit: 1491
Processor Information for processor 18
  Max Mhz: 2100, Current Mhz: 1500, Mhz Limit: 1491
Processor Information for processor 19
  Max Mhz: 2100, Current Mhz: 1500, Mhz Limit: 1491
Processor Information for processor 20
  Max Mhz: 2100, Current Mhz: 1500, Mhz Limit: 1491
Processor Information for processor 21
  Max Mhz: 2100, Current Mhz: 1500, Mhz Limit: 1491
Processor Information for processor 22
  Max Mhz: 2100, Current Mhz: 1500, Mhz Limit: 1491
Processor Information for processor 23
  Max Mhz: 2100, Current Mhz: 1500, Mhz Limit: 1491

Memory: 4k page, system-wide physical 32456M (7788M free)
TotalPageFile size 63941M (AvailPageFile size 2M)
current process WorkingSet (physical memory assigned to process): 162M, peak: 162M
current process commit charge ("private bytes"): 750M, peak: 805M

vm_info: OpenJDK 64-Bit Server VM (23.0.1+11) for windows-amd64 JRE (23.0.1+11), built on 2024-10-15T00:00:00Z with MS VC++ 17.7 (VS2022)

END.
